2025-08-07 05:46 - ERROR - JSONDecode Exception - Expecting value: line 1 column 1 (char 0).
2025-08-07 05:46 - ERROR - Timeout Exception - .
2025-08-07 05:46 - ERROR - HTTP Exception - .
2025-08-07 05:46 - ERROR - ConnectionError - .
2025-08-07 05:46 - ERROR - General RequestException - .
2025-08-07 05:55 - ERROR - Timeout Exception - .
2025-08-07 05:55 - ERROR - HTTP Exception - .
2025-08-07 05:55 - ERROR - ConnectionError - .
2025-08-07 05:55 - ERROR - General RequestException - .
2025-08-07 05:56 - ERROR - JSONDecode Exception - Expecting value: line 1 column 1 (char 0).
2025-08-07 05:56 - ERROR - Timeout Exception - .
2025-08-07 05:56 - ERROR - HTTP Exception - .
2025-08-07 05:56 - ERROR - ConnectionError - .
2025-08-07 05:56 - ERROR - General RequestException - .
2025-08-07 06:31 - ERROR - JSONDecode Exception - Expecting value: line 1 column 1 (char 0).
2025-08-07 06:31 - ERROR - Timeout Exception - .
2025-08-07 06:31 - ERROR - HTTP Exception - .
2025-08-07 06:31 - ERROR - ConnectionError - .
2025-08-07 06:31 - ERROR - General RequestException - .
2025-08-07 06:32 - ERROR - JSONDecode Exception - Expecting value: line 1 column 1 (char 0).
2025-08-07 06:32 - ERROR - Timeout Exception - .
2025-08-07 06:32 - ERROR - HTTP Exception - .
2025-08-07 06:32 - ERROR - ConnectionError - .
2025-08-07 06:32 - ERROR - General RequestException - .
2025-08-07 06:34 - INFO - Inserted 26 jobs.
2025-08-07 06:34 - INFO - Inserted 26 jobs.
2025-08-07 06:35 - ERROR - JSONDecode Exception - Expecting value: line 1 column 1 (char 0).
2025-08-07 06:35 - ERROR - Timeout Exception - .
2025-08-07 06:35 - ERROR - HTTP Exception - .
2025-08-07 06:35 - ERROR - ConnectionError - .
2025-08-07 06:35 - ERROR - General RequestException - .
